Port 3000 is already in use
/home/azureuser/webServer/bin/www:2
#!/usr/bin/env node
^

SyntaxError: Invalid or unexpected token
    at Module._compile (internal/modules/cjs/loader.js:723:23)
    at Object.Module._extensions..js (internal/modules/cjs/loader.js:789:10)
    at Module.load (internal/modules/cjs/loader.js:653:32)
    at tryModuleLoad (internal/modules/cjs/loader.js:593:12)
    at Function.Module._load (internal/modules/cjs/loader.js:585:3)
    at Function.Module.runMain (internal/modules/cjs/loader.js:831:12)
    at startup (internal/bootstrap/node.js:283:19)
    at bootstrapNodeJSCore (internal/bootstrap/node.js:623:3)
/home/azureuser/webServer/bin/www:2
#!/usr/bin/env node
^

SyntaxError: Invalid or unexpected token
    at Module._compile (internal/modules/cjs/loader.js:723:23)
    at Object.Module._extensions..js (internal/modules/cjs/loader.js:789:10)
    at Module.load (internal/modules/cjs/loader.js:653:32)
    at tryModuleLoad (internal/modules/cjs/loader.js:593:12)
    at Function.Module._load (internal/modules/cjs/loader.js:585:3)
    at Function.Module.runMain (internal/modules/cjs/loader.js:831:12)
    at startup (internal/bootstrap/node.js:283:19)
    at bootstrapNodeJSCore (internal/bootstrap/node.js:623:3)
[0mGET / [32m200 [0m409.157 ms - 1332[0m
[0mGET /stylesheets/style.css [36m304 [0m1.592 ms - -[0m
[0mGET / [36m304 [0m520.794 ms - -[0m
[0mGET /stylesheets/style.css [36m304 [0m1.653 ms - -[0m
